[train: 1, 50 / 15000] FPS: 24.1 (37.2)  ,  DataTime: 0.056 (0.023)  ,  ForwardTime: 0.088  ,  TotalTime: 0.166  ,  Loss/total: 12.42927  ,  Loss/giou: 1.23739  ,  Loss/l1: 0.26549  ,  Loss/location: 7.47499  ,  IoU: 0.07166
[train: 1, 100 / 15000] FPS: 29.6 (42.3)  ,  DataTime: 0.032 (0.023)  ,  ForwardTime: 0.079  ,  TotalTime: 0.135  ,  Loss/total: 9.74628  ,  Loss/giou: 1.23022  ,  Loss/l1: 0.24391  ,  Loss/location: 5.10125  ,  IoU: 0.07364
[train: 1, 150 / 15000] FPS: 32.3 (44.4)  ,  DataTime: 0.024 (0.024)  ,  ForwardTime: 0.076  ,  TotalTime: 0.124  ,  Loss/total: 8.61732  ,  Loss/giou: 1.20813  ,  Loss/l1: 0.23147  ,  Loss/location: 4.16867  ,  IoU: 0.08127
[train: 1, 200 / 15000] FPS: 33.8 (38.9)  ,  DataTime: 0.020 (0.025)  ,  ForwardTime: 0.074  ,  TotalTime: 0.118  ,  Loss/total: 8.02124  ,  Loss/giou: 1.20047  ,  Loss/l1: 0.22532  ,  Loss/location: 3.66625  ,  IoU: 0.08577
[train: 1, 250 / 15000] FPS: 34.8 (36.4)  ,  DataTime: 0.017 (0.024)  ,  ForwardTime: 0.073  ,  TotalTime: 0.115  ,  Loss/total: 7.55488  ,  Loss/giou: 1.18181  ,  Loss/l1: 0.21652  ,  Loss/location: 3.34179  ,  IoU: 0.09741
[train: 1, 50 / 15000] FPS: 24.0 (34.2)  ,  DataTime: 0.057 (0.024)  ,  ForwardTime: 0.086  ,  TotalTime: 0.167  ,  Loss/total: 12.42927  ,  Loss/giou: 1.23739  ,  Loss/l1: 0.26549  ,  Loss/location: 7.47499  ,  IoU: 0.07166
[train: 1, 100 / 15000] FPS: 29.6 (45.5)  ,  DataTime: 0.033 (0.023)  ,  ForwardTime: 0.079  ,  TotalTime: 0.135  ,  Loss/total: 9.74628  ,  Loss/giou: 1.23022  ,  Loss/l1: 0.24391  ,  Loss/location: 5.10125  ,  IoU: 0.07364
[train: 1, 150 / 15000] FPS: 32.1 (45.9)  ,  DataTime: 0.025 (0.023)  ,  ForwardTime: 0.077  ,  TotalTime: 0.125  ,  Loss/total: 8.61732  ,  Loss/giou: 1.20813  ,  Loss/l1: 0.23147  ,  Loss/location: 4.16867  ,  IoU: 0.08127
[train: 1, 200 / 15000] FPS: 33.7 (38.7)  ,  DataTime: 0.020 (0.023)  ,  ForwardTime: 0.075  ,  TotalTime: 0.119  ,  Loss/total: 8.02124  ,  Loss/giou: 1.20047  ,  Loss/l1: 0.22532  ,  Loss/location: 3.66625  ,  IoU: 0.08577
[train: 1, 250 / 15000] FPS: 34.7 (42.2)  ,  DataTime: 0.018 (0.024)  ,  ForwardTime: 0.074  ,  TotalTime: 0.115  ,  Loss/total: 7.55488  ,  Loss/giou: 1.18181  ,  Loss/l1: 0.21652  ,  Loss/location: 3.34179  ,  IoU: 0.09741
[train: 1, 300 / 15000] FPS: 35.3 (43.5)  ,  DataTime: 0.016 (0.024)  ,  ForwardTime: 0.074  ,  TotalTime: 0.113  ,  Loss/total: 7.19021  ,  Loss/giou: 1.16310  ,  Loss/l1: 0.20835  ,  Loss/location: 3.11021  ,  IoU: 0.10673
[train: 1, 350 / 15000] FPS: 35.8 (31.5)  ,  DataTime: 0.015 (0.023)  ,  ForwardTime: 0.073  ,  TotalTime: 0.112  ,  Loss/total: 6.91370  ,  Loss/giou: 1.14570  ,  Loss/l1: 0.20179  ,  Loss/location: 2.94296  ,  IoU: 0.11479
[train: 1, 400 / 15000] FPS: 36.2 (30.1)  ,  DataTime: 0.014 (0.024)  ,  ForwardTime: 0.072  ,  TotalTime: 0.111  ,  Loss/total: 6.65680  ,  Loss/giou: 1.12735  ,  Loss/l1: 0.19504  ,  Loss/location: 2.79884  ,  IoU: 0.12575
[train: 1, 450 / 15000] FPS: 36.4 (38.8)  ,  DataTime: 0.013 (0.024)  ,  ForwardTime: 0.072  ,  TotalTime: 0.110  ,  Loss/total: 6.42717  ,  Loss/giou: 1.10893  ,  Loss/l1: 0.18853  ,  Loss/location: 2.67880  ,  IoU: 0.13726
[train: 1, 500 / 15000] FPS: 36.7 (45.2)  ,  DataTime: 0.013 (0.024)  ,  ForwardTime: 0.072  ,  TotalTime: 0.109  ,  Loss/total: 6.21278  ,  Loss/giou: 1.08950  ,  Loss/l1: 0.18230  ,  Loss/location: 2.57105  ,  IoU: 0.15004
[train: 1, 550 / 15000] FPS: 37.0 (42.1)  ,  DataTime: 0.012 (0.024)  ,  ForwardTime: 0.071  ,  TotalTime: 0.108  ,  Loss/total: 6.01331  ,  Loss/giou: 1.06849  ,  Loss/l1: 0.17615  ,  Loss/location: 2.47875  ,  IoU: 0.16461
[train: 1, 600 / 15000] FPS: 37.2 (41.0)  ,  DataTime: 0.012 (0.024)  ,  ForwardTime: 0.071  ,  TotalTime: 0.108  ,  Loss/total: 5.84404  ,  Loss/giou: 1.05065  ,  Loss/l1: 0.17121  ,  Loss/location: 2.39640  ,  IoU: 0.17683
[train: 1, 650 / 15000] FPS: 37.3 (39.8)  ,  DataTime: 0.012 (0.025)  ,  ForwardTime: 0.071  ,  TotalTime: 0.107  ,  Loss/total: 5.67215  ,  Loss/giou: 1.03063  ,  Loss/l1: 0.16575  ,  Loss/location: 2.32106  ,  IoU: 0.19006
[train: 1, 700 / 15000] FPS: 37.5 (42.3)  ,  DataTime: 0.011 (0.025)  ,  ForwardTime: 0.071  ,  TotalTime: 0.107  ,  Loss/total: 5.51038  ,  Loss/giou: 1.01076  ,  Loss/l1: 0.16059  ,  Loss/location: 2.25136  ,  IoU: 0.20298
[train: 1, 750 / 15000] FPS: 37.6 (41.0)  ,  DataTime: 0.011 (0.025)  ,  ForwardTime: 0.070  ,  TotalTime: 0.106  ,  Loss/total: 5.37030  ,  Loss/giou: 0.99444  ,  Loss/l1: 0.15633  ,  Loss/location: 2.18724  ,  IoU: 0.21443
[train: 1, 800 / 15000] FPS: 37.7 (32.1)  ,  DataTime: 0.011 (0.025)  ,  ForwardTime: 0.070  ,  TotalTime: 0.106  ,  Loss/total: 5.22213  ,  Loss/giou: 0.97505  ,  Loss/l1: 0.15160  ,  Loss/location: 2.12474  ,  IoU: 0.22735
[train: 1, 850 / 15000] FPS: 37.8 (42.2)  ,  DataTime: 0.011 (0.025)  ,  ForwardTime: 0.070  ,  TotalTime: 0.106  ,  Loss/total: 5.08181  ,  Loss/giou: 0.95563  ,  Loss/l1: 0.14704  ,  Loss/location: 2.06756  ,  IoU: 0.24067
[train: 1, 900 / 15000] FPS: 37.9 (42.1)  ,  DataTime: 0.011 (0.025)  ,  ForwardTime: 0.070  ,  TotalTime: 0.106  ,  Loss/total: 4.95978  ,  Loss/giou: 0.93934  ,  Loss/l1: 0.14304  ,  Loss/location: 2.01787  ,  IoU: 0.25173
[train: 1, 950 / 15000] FPS: 38.0 (49.0)  ,  DataTime: 0.010 (0.025)  ,  ForwardTime: 0.070  ,  TotalTime: 0.105  ,  Loss/total: 4.85119  ,  Loss/giou: 0.92542  ,  Loss/l1: 0.13970  ,  Loss/location: 1.96999  ,  IoU: 0.26102
[train: 1, 1000 / 15000] FPS: 38.1 (49.1)  ,  DataTime: 0.010 (0.025)  ,  ForwardTime: 0.070  ,  TotalTime: 0.105  ,  Loss/total: 4.75024  ,  Loss/giou: 0.91114  ,  Loss/l1: 0.13666  ,  Loss/location: 1.92579  ,  IoU: 0.27110
[train: 1, 1050 / 15000] FPS: 38.1 (31.7)  ,  DataTime: 0.010 (0.025)  ,  ForwardTime: 0.070  ,  TotalTime: 0.105  ,  Loss/total: 4.64886  ,  Loss/giou: 0.89673  ,  Loss/l1: 0.13345  ,  Loss/location: 1.88378  ,  IoU: 0.28092
[train: 1, 1100 / 15000] FPS: 38.2 (31.7)  ,  DataTime: 0.010 (0.025)  ,  ForwardTime: 0.070  ,  TotalTime: 0.105  ,  Loss/total: 4.55598  ,  Loss/giou: 0.88310  ,  Loss/l1: 0.13057  ,  Loss/location: 1.84490  ,  IoU: 0.29080
[train: 1, 1150 / 15000] FPS: 38.3 (37.0)  ,  DataTime: 0.010 (0.025)  ,  ForwardTime: 0.070  ,  TotalTime: 0.105  ,  Loss/total: 4.47071  ,  Loss/giou: 0.87091  ,  Loss/l1: 0.12787  ,  Loss/location: 1.80960  ,  IoU: 0.29937
[train: 1, 1200 / 15000] FPS: 38.3 (45.0)  ,  DataTime: 0.010 (0.025)  ,  ForwardTime: 0.069  ,  TotalTime: 0.104  ,  Loss/total: 4.39766  ,  Loss/giou: 0.86112  ,  Loss/l1: 0.12569  ,  Loss/location: 1.77681  ,  IoU: 0.30619
[train: 1, 1250 / 15000] FPS: 38.3 (39.5)  ,  DataTime: 0.010 (0.025)  ,  ForwardTime: 0.069  ,  TotalTime: 0.104  ,  Loss/total: 4.32347  ,  Loss/giou: 0.85004  ,  Loss/l1: 0.12340  ,  Loss/location: 1.74586  ,  IoU: 0.31400
[train: 1, 1300 / 15000] FPS: 38.4 (42.5)  ,  DataTime: 0.010 (0.025)  ,  ForwardTime: 0.069  ,  TotalTime: 0.104  ,  Loss/total: 4.25743  ,  Loss/giou: 0.84033  ,  Loss/l1: 0.12148  ,  Loss/location: 1.71645  ,  IoU: 0.32109
[train: 1, 1350 / 15000] FPS: 38.4 (32.9)  ,  DataTime: 0.010 (0.025)  ,  ForwardTime: 0.069  ,  TotalTime: 0.104  ,  Loss/total: 4.18078  ,  Loss/giou: 0.82861  ,  Loss/l1: 0.11914  ,  Loss/location: 1.68419  ,  IoU: 0.32951
[train: 1, 1400 / 15000] FPS: 38.5 (45.5)  ,  DataTime: 0.010 (0.025)  ,  ForwardTime: 0.069  ,  TotalTime: 0.104  ,  Loss/total: 4.12335  ,  Loss/giou: 0.82020  ,  Loss/l1: 0.11748  ,  Loss/location: 1.65844  ,  IoU: 0.33577
[train: 1, 1450 / 15000] FPS: 38.5 (41.2)  ,  DataTime: 0.009 (0.025)  ,  ForwardTime: 0.069  ,  TotalTime: 0.104  ,  Loss/total: 4.06004  ,  Loss/giou: 0.81097  ,  Loss/l1: 0.11551  ,  Loss/location: 1.63195  ,  IoU: 0.34206
[train: 1, 1500 / 15000] FPS: 38.6 (31.0)  ,  DataTime: 0.009 (0.025)  ,  ForwardTime: 0.069  ,  TotalTime: 0.104  ,  Loss/total: 4.00208  ,  Loss/giou: 0.80183  ,  Loss/l1: 0.11383  ,  Loss/location: 1.60663  ,  IoU: 0.34888
[train: 1, 1550 / 15000] FPS: 38.6 (31.8)  ,  DataTime: 0.009 (0.025)  ,  ForwardTime: 0.069  ,  TotalTime: 0.104  ,  Loss/total: 3.94132  ,  Loss/giou: 0.79242  ,  Loss/l1: 0.11195  ,  Loss/location: 1.58154  ,  IoU: 0.35551
[train: 1, 1600 / 15000] FPS: 38.6 (36.1)  ,  DataTime: 0.009 (0.025)  ,  ForwardTime: 0.069  ,  TotalTime: 0.104  ,  Loss/total: 3.89982  ,  Loss/giou: 0.78653  ,  Loss/l1: 0.11079  ,  Loss/location: 1.56221  ,  IoU: 0.36007
[train: 1, 1650 / 15000] FPS: 38.7 (39.4)  ,  DataTime: 0.009 (0.025)  ,  ForwardTime: 0.069  ,  TotalTime: 0.103  ,  Loss/total: 3.85227  ,  Loss/giou: 0.77922  ,  Loss/l1: 0.10934  ,  Loss/location: 1.54226  ,  IoU: 0.36556
[train: 1, 1700 / 15000] FPS: 38.7 (30.9)  ,  DataTime: 0.009 (0.025)  ,  ForwardTime: 0.069  ,  TotalTime: 0.103  ,  Loss/total: 3.80286  ,  Loss/giou: 0.77162  ,  Loss/l1: 0.10786  ,  Loss/location: 1.52127  ,  IoU: 0.37104
[train: 1, 1750 / 15000] FPS: 38.7 (39.6)  ,  DataTime: 0.009 (0.025)  ,  ForwardTime: 0.069  ,  TotalTime: 0.103  ,  Loss/total: 3.75602  ,  Loss/giou: 0.76423  ,  Loss/l1: 0.10641  ,  Loss/location: 1.50204  ,  IoU: 0.37627
[train: 1, 1800 / 15000] FPS: 38.7 (42.6)  ,  DataTime: 0.009 (0.025)  ,  ForwardTime: 0.069  ,  TotalTime: 0.103  ,  Loss/total: 3.71332  ,  Loss/giou: 0.75742  ,  Loss/l1: 0.10520  ,  Loss/location: 1.48307  ,  IoU: 0.38139
[train: 1, 1850 / 15000] FPS: 38.8 (36.9)  ,  DataTime: 0.009 (0.025)  ,  ForwardTime: 0.069  ,  TotalTime: 0.103  ,  Loss/total: 3.67139  ,  Loss/giou: 0.75102  ,  Loss/l1: 0.10399  ,  Loss/location: 1.46453  ,  IoU: 0.38607
[train: 1, 1900 / 15000] FPS: 38.8 (38.8)  ,  DataTime: 0.009 (0.025)  ,  ForwardTime: 0.069  ,  TotalTime: 0.103  ,  Loss/total: 3.63064  ,  Loss/giou: 0.74454  ,  Loss/l1: 0.10271  ,  Loss/location: 1.44821  ,  IoU: 0.39072
[train: 1, 1950 / 15000] FPS: 38.8 (41.7)  ,  DataTime: 0.009 (0.025)  ,  ForwardTime: 0.069  ,  TotalTime: 0.103  ,  Loss/total: 3.59413  ,  Loss/giou: 0.73900  ,  Loss/l1: 0.10162  ,  Loss/location: 1.43240  ,  IoU: 0.39470
[train: 1, 2000 / 15000] FPS: 38.8 (42.3)  ,  DataTime: 0.009 (0.025)  ,  ForwardTime: 0.069  ,  TotalTime: 0.103  ,  Loss/total: 3.56312  ,  Loss/giou: 0.73448  ,  Loss/l1: 0.10082  ,  Loss/location: 1.41719  ,  IoU: 0.39820
[train: 1, 2050 / 15000] FPS: 38.8 (37.2)  ,  DataTime: 0.009 (0.025)  ,  ForwardTime: 0.069  ,  TotalTime: 0.103  ,  Loss/total: 3.52641  ,  Loss/giou: 0.72869  ,  Loss/l1: 0.09968  ,  Loss/location: 1.40218  ,  IoU: 0.40248
[train: 1, 2100 / 15000] FPS: 38.9 (40.6)  ,  DataTime: 0.009 (0.025)  ,  ForwardTime: 0.069  ,  TotalTime: 0.103  ,  Loss/total: 3.49103  ,  Loss/giou: 0.72288  ,  Loss/l1: 0.09861  ,  Loss/location: 1.38766  ,  IoU: 0.40671
[train: 1, 2150 / 15000] FPS: 38.9 (41.5)  ,  DataTime: 0.009 (0.025)  ,  ForwardTime: 0.069  ,  TotalTime: 0.103  ,  Loss/total: 3.46261  ,  Loss/giou: 0.71859  ,  Loss/l1: 0.09778  ,  Loss/location: 1.37507  ,  IoU: 0.40990
[train: 1, 2200 / 15000] FPS: 38.9 (30.8)  ,  DataTime: 0.009 (0.025)  ,  ForwardTime: 0.069  ,  TotalTime: 0.103  ,  Loss/total: 3.42541  ,  Loss/giou: 0.71254  ,  Loss/l1: 0.09661  ,  Loss/location: 1.36034  ,  IoU: 0.41407
[train: 1, 2250 / 15000] FPS: 38.9 (40.4)  ,  DataTime: 0.009 (0.025)  ,  ForwardTime: 0.069  ,  TotalTime: 0.103  ,  Loss/total: 3.39896  ,  Loss/giou: 0.70868  ,  Loss/l1: 0.09589  ,  Loss/location: 1.34778  ,  IoU: 0.41704
[train: 1, 2300 / 15000] FPS: 38.9 (43.9)  ,  DataTime: 0.009 (0.026)  ,  ForwardTime: 0.069  ,  TotalTime: 0.103  ,  Loss/total: 3.36885  ,  Loss/giou: 0.70366  ,  Loss/l1: 0.09501  ,  Loss/location: 1.33504  ,  IoU: 0.42079
[train: 1, 2350 / 15000] FPS: 38.9 (39.3)  ,  DataTime: 0.009 (0.026)  ,  ForwardTime: 0.069  ,  TotalTime: 0.103  ,  Loss/total: 3.33823  ,  Loss/giou: 0.69857  ,  Loss/l1: 0.09407  ,  Loss/location: 1.32275  ,  IoU: 0.42454
[train: 1, 2400 / 15000] FPS: 38.9 (40.4)  ,  DataTime: 0.009 (0.026)  ,  ForwardTime: 0.068  ,  TotalTime: 0.103  ,  Loss/total: 3.31252  ,  Loss/giou: 0.69473  ,  Loss/l1: 0.09338  ,  Loss/location: 1.31047  ,  IoU: 0.42743
[train: 1, 2450 / 15000] FPS: 38.9 (32.8)  ,  DataTime: 0.009 (0.026)  ,  ForwardTime: 0.068  ,  TotalTime: 0.103  ,  Loss/total: 3.28768  ,  Loss/giou: 0.69081  ,  Loss/l1: 0.09265  ,  Loss/location: 1.29978  ,  IoU: 0.43036
[train: 1, 2500 / 15000] FPS: 38.9 (38.4)  ,  DataTime: 0.009 (0.026)  ,  ForwardTime: 0.068  ,  TotalTime: 0.103  ,  Loss/total: 3.26310  ,  Loss/giou: 0.68668  ,  Loss/l1: 0.09190  ,  Loss/location: 1.28977  ,  IoU: 0.43343
[train: 1, 2550 / 15000] FPS: 39.0 (39.1)  ,  DataTime: 0.009 (0.026)  ,  ForwardTime: 0.068  ,  TotalTime: 0.103  ,  Loss/total: 3.23913  ,  Loss/giou: 0.68290  ,  Loss/l1: 0.09121  ,  Loss/location: 1.27932  ,  IoU: 0.43617
[train: 1, 2600 / 15000] FPS: 39.0 (43.7)  ,  DataTime: 0.009 (0.026)  ,  ForwardTime: 0.068  ,  TotalTime: 0.103  ,  Loss/total: 3.21297  ,  Loss/giou: 0.67838  ,  Loss/l1: 0.09041  ,  Loss/location: 1.26887  ,  IoU: 0.43948
[train: 1, 2650 / 15000] FPS: 39.0 (36.5)  ,  DataTime: 0.009 (0.026)  ,  ForwardTime: 0.068  ,  TotalTime: 0.103  ,  Loss/total: 3.18632  ,  Loss/giou: 0.67379  ,  Loss/l1: 0.08954  ,  Loss/location: 1.25890  ,  IoU: 0.44275
[train: 1, 2700 / 15000] FPS: 39.0 (36.5)  ,  DataTime: 0.009 (0.026)  ,  ForwardTime: 0.068  ,  TotalTime: 0.103  ,  Loss/total: 3.16053  ,  Loss/giou: 0.66956  ,  Loss/l1: 0.08877  ,  Loss/location: 1.24824  ,  IoU: 0.44578
